---------- Date: 2017-08-04 09:10:12 ~ IP : 127.0.0.1 ----------
REQUEST URI : /oc/admin/index.php?route=sale/order/delete&token=RHROYge2BPETVE0aD2aQtqPKusV5p4uJ
VQMod::_parseMods - INVALID XML FILE: : StartTag: invalid element name in file:/C:/wamp/www/oc/vqmod/xml/vqmod_omnivalt_admin_order.xml, line: 18
----------------------------------------------------------------------


---------- Date: 2017-08-04 09:13:30 ~ IP : 127.0.0.1 ----------
REQUEST URI : /oc/admin/index.php?route=sale/order/delete&token=RHROYge2BPETVE0aD2aQtqPKusV5p4uJ
VQMod::_parseMods - INVALID XML FILE: : StartTag: invalid element name in file:/C:/wamp/www/oc/vqmod/xml/vqmod_omnivalt_admin_order_controller.xml, line: 9
----------------------------------------------------------------------


---------- Date: 2017-08-04 09:16:06 ~ IP : 127.0.0.1 ----------
REQUEST URI : /oc/admin/index.php?route=sale/order/delete&token=RHROYge2BPETVE0aD2aQtqPKusV5p4uJ
VQMod::_parseMods - INVALID XML FILE: : StartTag: invalid element name in file:/C:/wamp/www/oc/vqmod/xml/vqmod_omnivalt_admin_order_controller.xml, line: 9
----------------------------------------------------------------------


---------- Date: 2017-08-04 09:16:25 ~ IP : 127.0.0.1 ----------
REQUEST URI : /oc/admin/index.php?route=sale/order/delete&token=RHROYge2BPETVE0aD2aQtqPKusV5p4uJ
VQMod::_parseMods - INVALID XML FILE: : StartTag: invalid element name in file:/C:/wamp/www/oc/vqmod/xml/vqmod_omnivalt_admin_order_controller.xml, line: 9
----------------------------------------------------------------------


---------- Date: 2017-08-04 09:17:23 ~ IP : 127.0.0.1 ----------
REQUEST URI : /oc/admin/index.php?route=sale/order/delete&token=RHROYge2BPETVE0aD2aQtqPKusV5p4uJ
VQMod::_parseMods - INVALID XML FILE: : StartTag: invalid element name in file:/C:/wamp/www/oc/vqmod/xml/vqmod_omnivalt_admin_order_controller.xml, line: 9
----------------------------------------------------------------------


---------- Date: 2017-08-04 09:17:36 ~ IP : 127.0.0.1 ----------
REQUEST URI : /oc/admin/index.php?route=sale/order/delete&token=RHROYge2BPETVE0aD2aQtqPKusV5p4uJ
VQMod::_parseMods - INVALID XML FILE: : StartTag: invalid element name in file:/C:/wamp/www/oc/vqmod/xml/vqmod_omnivalt_admin_order_controller.xml, line: 9
----------------------------------------------------------------------


---------- Date: 2017-08-04 09:18:09 ~ IP : 127.0.0.1 ----------
REQUEST URI : /oc/admin/index.php?route=sale/order/delete&token=RHROYge2BPETVE0aD2aQtqPKusV5p4uJ
VQMod::_parseMods - INVALID XML FILE: : StartTag: invalid element name in file:/C:/wamp/www/oc/vqmod/xml/vqmod_omnivalt_admin_order_controller.xml, line: 9
----------------------------------------------------------------------


---------- Date: 2017-08-04 16:54:32 ~ IP : 127.0.0.1 ----------
REQUEST URI : /oc/admin/index.php?route=sale/order/info&token=5vvkAzkOgZBKXRkJpLLuRNFSLFEmxpps&order_id=4
MOD DETAILS:
   modFile   : C:\wamp\www\oc\vqmod/xml/vqmod_omnivalt_admin_order_info.xml
   id        : Admin order list buttons
   version   : 1.0.0
   vqmver    : 2.5.0
   author    : 

File Name    : admin/view/template/sale/order_info.tpl(0)
VQModObject::applyMod - SEARCH NOT FOUND (ABORTING MOD): title="<?php echo $button_invoice_print; ?>" class="btn btn-info"><i class="fa fa-print"></i></button>

----------------------------------------------------------------------


